<?xml version="1.0" encoding="utf-8"?><testsuites name="pytest tests"><testsuite name="pytest" errors="0" failures="0" skipped="0" tests="10" time="11.907" timestamp="2026-05-07T09:47:15.622264+00:00" hostname="agent-env-700f400a-0c72-4c88-8160-5f02bea65f1d"><testcase classname="tests.test_decompose_pwa" name="test_pwa_manifest_json" time="0.266" /><testcase classname="tests.test_decompose_pwa" name="test_pwa_icon_svg" time="0.044" /><testcase classname="tests.test_decompose_pwa" name="test_index_html_has_manifest_and_apple_touch" time="0.042" /><testcase classname="tests.test_decompose_pwa" name="test_quests_includes_steps_field" time="0.096" /><testcase classname="tests.test_decompose_pwa" name="test_decompose_nonexistent_returns_404" time="0.048" /><testcase classname="tests.test_decompose_pwa" name="test_decompose_completed_returns_400" time="0.051" /><testcase classname="tests.test_decompose_pwa" name="test_decompose_active_quest_creates_steps" time="10.636" /><testcase classname="tests.test_decompose_pwa" name="test_toggle_step_invalid_quest_returns_404" time="0.051" /><testcase classname="tests.test_decompose_pwa" name="test_toggle_step_invalid_step_returns_404" time="0.061" /><testcase classname="tests.test_decompose_pwa" name="test_toggle_all_steps_auto_completes_and_awards_xp" time="0.458" /></testsuite></testsuites>