<?xml version="1.0" encoding="utf-8"?><testsuites name="pytest tests"><testsuite name="pytest" errors="0" failures="0" skipped="1" tests="4" time="15.430" timestamp="2026-05-07T09:31:02.701572+00:00" hostname="agent-env-700f400a-0c72-4c88-8160-5f02bea65f1d"><testcase classname="backend.tests.test_p1_smoke" name="test_reset_clears_state" time="0.360" /><testcase classname="backend.tests.test_p1_smoke" name="test_awaken_chat_empty_messages" time="4.865" /><testcase classname="backend.tests.test_p1_smoke" name="test_quest_complete_after_legacy_init" time="9.935"><skipped type="pytest.skip" message="Legacy init failed (likely LLM budget): 500 {&quot;detail&quot;:&quot;System could not generate architecture&quot;}">/app/backend/tests/test_p1_smoke.py:56: Legacy init failed (likely LLM budget): 500 {"detail":"System could not generate architecture"}</skipped></testcase><testcase classname="backend.tests.test_p1_smoke" name="test_reset_post_init_clears" time="0.202" /></testsuite></testsuites>