<?xml version="1.0" encoding="utf-8"?><testsuites name="pytest tests"><testsuite name="pytest" errors="0" failures="0" skipped="0" tests="15" time="48.204" timestamp="2026-05-07T08:26:49.832534+00:00" hostname="agent-env-700f400a-0c72-4c88-8160-5f02bea65f1d"><testcase classname="backend.tests.test_quest_system" name="test_root" time="0.195" /><testcase classname="backend.tests.test_quest_system" name="test_profile_initial_null" time="0.088" /><testcase classname="backend.tests.test_quest_system" name="test_get_profile_after_init" time="39.458" /><testcase classname="backend.tests.test_quest_system" name="test_skills_populated" time="0.043" /><testcase classname="backend.tests.test_quest_system" name="test_main_quest_exists" time="0.042" /><testcase classname="backend.tests.test_quest_system" name="test_sub_goals_exist" time="0.045" /><testcase classname="backend.tests.test_quest_system" name="test_parallel_objectives" time="0.041" /><testcase classname="backend.tests.test_quest_system" name="test_daily_quests_initial" time="0.043" /><testcase classname="backend.tests.test_quest_system" name="test_achievements_populated" time="0.042" /><testcase classname="backend.tests.test_quest_system" name="test_stats_initial" time="0.044" /><testcase classname="backend.tests.test_quest_system" name="test_complete_daily_quest" time="0.136" /><testcase classname="backend.tests.test_quest_system" name="test_complete_already_completed_returns_400" time="0.163" /><testcase classname="backend.tests.test_quest_system" name="test_complete_invalid_id" time="0.043" /><testcase classname="backend.tests.test_quest_system" name="test_generate_daily" time="7.381" /><testcase classname="backend.tests.test_quest_system" name="test_reset_clears_everything" time="0.372" /></testsuite></testsuites>