<?xml version="1.0" encoding="utf-8"?><testsuites name="pytest tests"><testsuite name="pytest" errors="0" failures="1" skipped="0" tests="8" time="112.942" timestamp="2026-05-07T09:16:37.072500+00:00" hostname="agent-env-700f400a-0c72-4c88-8160-5f02bea65f1d"><testcase classname="backend.tests.test_awakening_chat" name="test_chat_empty_messages_returns_french_opening" time="5.441" /><testcase classname="backend.tests.test_awakening_chat" name="test_chat_multi_turn_progresses" time="9.380" /><testcase classname="backend.tests.test_awakening_chat" name="test_final_profile_is_unique" time="97.376" /><testcase classname="backend.tests.test_awakening_chat" name="test_profile_persisted" time="0.051" /><testcase classname="backend.tests.test_awakening_chat" name="test_skills_unique_names" time="0.049" /><testcase classname="backend.tests.test_awakening_chat" name="test_quests_by_type" time="0.191" /><testcase classname="backend.tests.test_awakening_chat" name="test_achievements_populated" time="0.047" /><testcase classname="backend.tests.test_awakening_chat" name="test_legacy_initiate_still_works" time="0.301"><failure message="AssertionError: {&quot;detail&quot;:&quot;System awakening failed: Failed to generate chat completion: litellm.BadRequestError: OpenAIException - Budget has been exceeded! Current cost: 1.421607, Max budget: 1.4&quot;}&#10;assert 500 == 200&#10; +  where 500 = &lt;Response [500]&gt;.status_code">backend/tests/test_awakening_chat.py:226: in test_legacy_initiate_still_works
    assert r.status_code == 200, r.text
E   AssertionError: {"detail":"System awakening failed: Failed to generate chat completion: litellm.BadRequestError: OpenAIException - Budget has been exceeded! Current cost: 1.421607, Max budget: 1.4"}
E   assert 500 == 200
E    +  where 500 = &lt;Response [500]&gt;.status_code</failure></testcase></testsuite></testsuites>