<?xml version="1.0" encoding="utf-8"?><testsuites name="pytest tests"><testsuite name="pytest" errors="0" failures="0" skipped="0" tests="21" time="5.357" timestamp="2026-05-07T13:02:42.392128+00:00" hostname="agent-env-700f400a-0c72-4c88-8160-5f02bea65f1d"><testcase classname="backend.tests.test_multiuser_auth.TestUnauthenticated" name="test_root_no_auth" time="0.171" /><testcase classname="backend.tests.test_multiuser_auth.TestUnauthenticated" name="test_protected_endpoints_return_401[/api/auth/me-GET]" time="0.430" /><testcase classname="backend.tests.test_multiuser_auth.TestUnauthenticated" name="test_protected_endpoints_return_401[/api/profile-GET]" time="0.116" /><testcase classname="backend.tests.test_multiuser_auth.TestUnauthenticated" name="test_protected_endpoints_return_401[/api/stats-GET]" time="0.119" /><testcase classname="backend.tests.test_multiuser_auth.TestUnauthenticated" name="test_protected_endpoints_return_401[/api/quests-GET]" time="0.155" /><testcase classname="backend.tests.test_multiuser_auth.TestUnauthenticated" name="test_protected_endpoints_return_401[/api/skills-GET]" time="0.135" /><testcase classname="backend.tests.test_multiuser_auth.TestUnauthenticated" name="test_protected_endpoints_return_401[/api/achievements-GET]" time="0.122" /><testcase classname="backend.tests.test_multiuser_auth.TestUnauthenticated" name="test_protected_endpoints_return_401[/api/quests/generate-daily-POST]" time="0.342" /><testcase classname="backend.tests.test_multiuser_auth.TestUnauthenticated" name="test_protected_endpoints_return_401[/api/reset-POST]" time="0.143" /><testcase classname="backend.tests.test_multiuser_auth.TestUnauthenticated" name="test_awaken_chat_no_auth" time="0.121" /><testcase classname="backend.tests.test_multiuser_auth.TestUnauthenticated" name="test_complete_quest_no_auth" time="0.133" /><testcase classname="backend.tests.test_multiuser_auth.TestUnauthenticated" name="test_decompose_quest_no_auth" time="0.116" /><testcase classname="backend.tests.test_multiuser_auth.TestUnauthenticated" name="test_step_toggle_no_auth" time="0.118" /><testcase classname="backend.tests.test_multiuser_auth.TestAuthMe" name="test_me_with_bearer" time="0.141" /><testcase classname="backend.tests.test_multiuser_auth.TestAuthMe" name="test_me_with_invalid_token" time="0.118" /><testcase classname="backend.tests.test_multiuser_auth.TestEmptyStateScoping" name="test_user_a_initial_empty_state" time="0.636" /><testcase classname="backend.tests.test_multiuser_auth.TestIsolation" name="test_user_isolation" time="0.850" /><testcase classname="backend.tests.test_multiuser_auth.TestQuestComplete" name="test_complete_own_quest" time="0.247" /><testcase classname="backend.tests.test_multiuser_auth.TestResetScope" name="test_reset_only_clears_caller" time="0.301" /><testcase classname="backend.tests.test_multiuser_auth.TestLogout" name="test_logout_invalidates_session" time="0.405" /><testcase classname="backend.tests.test_multiuser_auth.TestSessionExchange" name="test_invalid_session_id_returns_401" time="0.293" /></testsuite></testsuites>